<?xml version="1.0" encoding="UTF-8"?>
<!-- Generated by org.testng.reporters.JUnitReportReporter -->
<testsuite skipped="0" hostname="Rithick-PC" name="com.qa.testscripts.login.TC_LoginTest_01" tests="1" failures="0" timestamp="17 Nov 2019 06:53:35 GMT" time="56.402" errors="0">
  <testcase name="loginTest" time="56.402" classname="com.qa.testscripts.login.TC_LoginTest_01"/>
</testsuite> <!-- com.qa.testscripts.login.TC_LoginTest_01 -->
